ARM GAS  /tmp/ccfet0B2.s 			page 1


   1              		.cpu cortex-m4
   2              		.arch armv7e-m
   3              		.fpu fpv4-sp-d16
   4              		.eabi_attribute 27, 1
   5              		.eabi_attribute 28, 1
   6              		.eabi_attribute 20, 1
   7              		.eabi_attribute 21, 1
   8              		.eabi_attribute 23, 3
   9              		.eabi_attribute 24, 1
  10              		.eabi_attribute 25, 1
  11              		.eabi_attribute 26, 1
  12              		.eabi_attribute 30, 1
  13              		.eabi_attribute 34, 1
  14              		.eabi_attribute 18, 4
  15              		.file	"main.c"
  16              		.text
  17              	.Ltext0:
  18              		.cfi_sections	.debug_frame
  19              		.section	.text.HAL_TIM_PeriodElapsedCallback,"ax",%progbits
  20              		.align	1
  21              		.global	HAL_TIM_PeriodElapsedCallback
  22              		.syntax unified
  23              		.thumb
  24              		.thumb_func
  26              	HAL_TIM_PeriodElapsedCallback:
  27              	.LVL0:
  28              	.LFB137:
  29              		.file 1 "Core/Src/main.c"
   1:Core/Src/main.c **** /* USER CODE BEGIN Header */
   2:Core/Src/main.c **** /**
   3:Core/Src/main.c ****  ******************************************************************************
   4:Core/Src/main.c ****  * @file           : main.c
   5:Core/Src/main.c ****  * @brief          : Main program body
   6:Core/Src/main.c ****  ******************************************************************************
   7:Core/Src/main.c ****  * @attention
   8:Core/Src/main.c ****  *
   9:Core/Src/main.c ****  * Copyright (c) 2023 STMicroelectronics.
  10:Core/Src/main.c ****  * All rights reserved.
  11:Core/Src/main.c ****  *
  12:Core/Src/main.c ****  * This software is licensed under terms that can be found in the LICENSE file
  13:Core/Src/main.c ****  * in the root directory of this software component.
  14:Core/Src/main.c ****  * If no LICENSE file comes with this software, it is provided AS-IS.
  15:Core/Src/main.c ****  *
  16:Core/Src/main.c ****  ******************************************************************************
  17:Core/Src/main.c ****  */
  18:Core/Src/main.c **** /* USER CODE END Header */
  19:Core/Src/main.c **** /* Includes ------------------------------------------------------------------*/
  20:Core/Src/main.c **** #include "main.h"
  21:Core/Src/main.c **** #include "cmsis_os.h"
  22:Core/Src/main.c **** #include "usart.h"
  23:Core/Src/main.c **** #include "gpio.h"
  24:Core/Src/main.c **** 
  25:Core/Src/main.c **** /* Private function prototypes -----------------------------------------------*/
  26:Core/Src/main.c **** void SystemClock_Config(void);
  27:Core/Src/main.c **** void MX_FREERTOS_Init(void);
  28:Core/Src/main.c **** 
  29:Core/Src/main.c **** /**
ARM GAS  /tmp/ccfet0B2.s 			page 2


  30:Core/Src/main.c ****  * @brief  The application entry point.
  31:Core/Src/main.c ****  * @retval int
  32:Core/Src/main.c ****  */
  33:Core/Src/main.c **** int main(void)
  34:Core/Src/main.c **** {
  35:Core/Src/main.c **** 	/* MCU Configuration--------------------------------------------------------*/
  36:Core/Src/main.c **** 
  37:Core/Src/main.c **** 	/* Reset of all peripherals, Initializes the Flash interface and the Systick. */
  38:Core/Src/main.c **** 	HAL_Init();
  39:Core/Src/main.c **** 	/* Configure the system clock */
  40:Core/Src/main.c **** 	SystemClock_Config();
  41:Core/Src/main.c **** 	/* Initialize all configured peripherals */
  42:Core/Src/main.c **** 	MX_GPIO_Init();
  43:Core/Src/main.c **** 	MX_USART1_UART_Init();
  44:Core/Src/main.c **** 	/* Call init function for freertos objects (in freertos.c) */
  45:Core/Src/main.c **** 	MX_FREERTOS_Init();
  46:Core/Src/main.c **** 	/* Start scheduler */
  47:Core/Src/main.c **** 	osKernelStart();
  48:Core/Src/main.c **** 
  49:Core/Src/main.c **** 	/* We should never get here as control is now taken by the scheduler */
  50:Core/Src/main.c **** 	while (1);
  51:Core/Src/main.c **** }
  52:Core/Src/main.c **** 
  53:Core/Src/main.c **** 
  54:Core/Src/main.c **** /**
  55:Core/Src/main.c ****  * @brief System Clock Configuration
  56:Core/Src/main.c ****  * @retval None
  57:Core/Src/main.c ****  */
  58:Core/Src/main.c **** void SystemClock_Config(void)
  59:Core/Src/main.c **** {
  60:Core/Src/main.c **** 	RCC_OscInitTypeDef RCC_OscInitStruct = {0};
  61:Core/Src/main.c **** 	RCC_ClkInitTypeDef RCC_ClkInitStruct = {0};
  62:Core/Src/main.c **** 
  63:Core/Src/main.c **** 	/** Configure the main internal regulator output voltage
  64:Core/Src/main.c **** 	 */
  65:Core/Src/main.c **** 	__HAL_RCC_PWR_CLK_ENABLE();
  66:Core/Src/main.c **** 	__HAL_PWR_VOLTAGESCALING_CONFIG(PWR_REGULATOR_VOLTAGE_SCALE1);
  67:Core/Src/main.c **** 
  68:Core/Src/main.c **** 	/** Initializes the RCC Oscillators according to the specified parameters
  69:Core/Src/main.c **** 	 * in the RCC_OscInitTypeDef structure.
  70:Core/Src/main.c **** 	 */
  71:Core/Src/main.c **** 	RCC_OscInitStruct.OscillatorType = RCC_OSCILLATORTYPE_HSE;
  72:Core/Src/main.c **** 	RCC_OscInitStruct.HSEState = RCC_HSE_ON;
  73:Core/Src/main.c **** 	RCC_OscInitStruct.PLL.PLLState = RCC_PLL_ON;
  74:Core/Src/main.c **** 	RCC_OscInitStruct.PLL.PLLSource = RCC_PLLSOURCE_HSE;
  75:Core/Src/main.c **** 	RCC_OscInitStruct.PLL.PLLM = 4;
  76:Core/Src/main.c **** 	RCC_OscInitStruct.PLL.PLLN = 168;
  77:Core/Src/main.c **** 	RCC_OscInitStruct.PLL.PLLP = RCC_PLLP_DIV2;
  78:Core/Src/main.c **** 	RCC_OscInitStruct.PLL.PLLQ = 4;
  79:Core/Src/main.c **** 	if (HAL_RCC_OscConfig(&RCC_OscInitStruct) != HAL_OK)
  80:Core/Src/main.c **** 	{
  81:Core/Src/main.c **** 		Error_Handler();
  82:Core/Src/main.c **** 	}
  83:Core/Src/main.c **** 
  84:Core/Src/main.c **** 	/** Initializes the CPU, AHB and APB buses clocks
  85:Core/Src/main.c **** 	 */
  86:Core/Src/main.c **** 	RCC_ClkInitStruct.ClockType = RCC_CLOCKTYPE_HCLK | RCC_CLOCKTYPE_SYSCLK | RCC_CLOCKTYPE_PCLK1 | RC
ARM GAS  /tmp/ccfet0B2.s 			page 3


  87:Core/Src/main.c **** 	RCC_ClkInitStruct.SYSCLKSource = RCC_SYSCLKSOURCE_PLLCLK;
  88:Core/Src/main.c **** 	RCC_ClkInitStruct.AHBCLKDivider = RCC_SYSCLK_DIV1;
  89:Core/Src/main.c **** 	RCC_ClkInitStruct.APB1CLKDivider = RCC_HCLK_DIV4;
  90:Core/Src/main.c **** 	RCC_ClkInitStruct.APB2CLKDivider = RCC_HCLK_DIV2;
  91:Core/Src/main.c **** 
  92:Core/Src/main.c **** 	if (HAL_RCC_ClockConfig(&RCC_ClkInitStruct, FLASH_LATENCY_5) != HAL_OK)
  93:Core/Src/main.c **** 	{
  94:Core/Src/main.c **** 		Error_Handler();
  95:Core/Src/main.c **** 	}
  96:Core/Src/main.c **** }
  97:Core/Src/main.c **** 
  98:Core/Src/main.c **** /* USER CODE BEGIN 4 */
  99:Core/Src/main.c **** 
 100:Core/Src/main.c **** /* USER CODE END 4 */
 101:Core/Src/main.c **** 
 102:Core/Src/main.c **** /**
 103:Core/Src/main.c ****  * @brief  Period elapsed callback in non blocking mode
 104:Core/Src/main.c ****  * @note   This function is called  when TIM1 interrupt took place, inside
 105:Core/Src/main.c ****  * HAL_TIM_IRQHandler(). It makes a direct call to HAL_IncTick() to increment
 106:Core/Src/main.c ****  * a global variable "uwTick" used as application time base.
 107:Core/Src/main.c ****  * @param  htim : TIM handle
 108:Core/Src/main.c ****  * @retval None
 109:Core/Src/main.c ****  */
 110:Core/Src/main.c **** void HAL_TIM_PeriodElapsedCallback(TIM_HandleTypeDef *htim)
 111:Core/Src/main.c **** {
  30              		.loc 1 111 1 view -0
  31              		.cfi_startproc
  32              		@ args = 0, pretend = 0, frame = 0
  33              		@ frame_needed = 0, uses_anonymous_args = 0
  34              		.loc 1 111 1 is_stmt 0 view .LVU1
  35 0000 08B5     		push	{r3, lr}
  36              	.LCFI0:
  37              		.cfi_def_cfa_offset 8
  38              		.cfi_offset 3, -8
  39              		.cfi_offset 14, -4
 112:Core/Src/main.c **** 	/* USER CODE BEGIN Callback 0 */
 113:Core/Src/main.c **** 
 114:Core/Src/main.c **** 	/* USER CODE END Callback 0 */
 115:Core/Src/main.c **** 	if (htim->Instance == TIM1)
  40              		.loc 1 115 2 is_stmt 1 view .LVU2
  41              		.loc 1 115 10 is_stmt 0 view .LVU3
  42 0002 0268     		ldr	r2, [r0]
  43              		.loc 1 115 5 view .LVU4
  44 0004 034B     		ldr	r3, .L5
  45 0006 9A42     		cmp	r2, r3
  46 0008 00D0     		beq	.L4
  47              	.LVL1:
  48              	.L1:
 116:Core/Src/main.c **** 	{
 117:Core/Src/main.c **** 		HAL_IncTick();
 118:Core/Src/main.c **** 	}
 119:Core/Src/main.c **** 	/* USER CODE BEGIN Callback 1 */
 120:Core/Src/main.c **** 
 121:Core/Src/main.c **** 	/* USER CODE END Callback 1 */
 122:Core/Src/main.c **** }
  49              		.loc 1 122 1 view .LVU5
  50 000a 08BD     		pop	{r3, pc}
ARM GAS  /tmp/ccfet0B2.s 			page 4


  51              	.LVL2:
  52              	.L4:
 117:Core/Src/main.c **** 	}
  53              		.loc 1 117 3 is_stmt 1 view .LVU6
  54 000c FFF7FEFF 		bl	HAL_IncTick
  55              	.LVL3:
  56              		.loc 1 122 1 is_stmt 0 view .LVU7
  57 0010 FBE7     		b	.L1
  58              	.L6:
  59 0012 00BF     		.align	2
  60              	.L5:
  61 0014 00000140 		.word	1073807360
  62              		.cfi_endproc
  63              	.LFE137:
  65              		.section	.text.Error_Handler,"ax",%progbits
  66              		.align	1
  67              		.global	Error_Handler
  68              		.syntax unified
  69              		.thumb
  70              		.thumb_func
  72              	Error_Handler:
  73              	.LFB138:
 123:Core/Src/main.c **** 
 124:Core/Src/main.c **** /**
 125:Core/Src/main.c ****  * @brief  This function is executed in case of error occurrence.
 126:Core/Src/main.c ****  * @retval None
 127:Core/Src/main.c ****  */
 128:Core/Src/main.c **** void Error_Handler(void)
 129:Core/Src/main.c **** {
  74              		.loc 1 129 1 is_stmt 1 view -0
  75              		.cfi_startproc
  76              		@ Volatile: function does not return.
  77              		@ args = 0, pretend = 0, frame = 0
  78              		@ frame_needed = 0, uses_anonymous_args = 0
  79              		@ link register save eliminated.
 130:Core/Src/main.c **** 	/* USER CODE BEGIN Error_Handler_Debug */
 131:Core/Src/main.c **** 	/* User can add his own implementation to report the HAL error return state */
 132:Core/Src/main.c **** 	__disable_irq();
  80              		.loc 1 132 2 view .LVU9
  81              	.LBB4:
  82              	.LBI4:
  83              		.file 2 "Drivers/CMSIS/Include/cmsis_gcc.h"
   1:Drivers/CMSIS/Include/cmsis_gcc.h **** /**************************************************************************//**
   2:Drivers/CMSIS/Include/cmsis_gcc.h ****  * @file     cmsis_gcc.h
   3:Drivers/CMSIS/Include/cmsis_gcc.h ****  * @brief    CMSIS compiler GCC header file
   4:Drivers/CMSIS/Include/cmsis_gcc.h ****  * @version  V5.0.4
   5:Drivers/CMSIS/Include/cmsis_gcc.h ****  * @date     09. April 2018
   6:Drivers/CMSIS/Include/cmsis_gcc.h ****  ******************************************************************************/
   7:Drivers/CMSIS/Include/cmsis_gcc.h **** /*
   8:Drivers/CMSIS/Include/cmsis_gcc.h ****  * Copyright (c) 2009-2018 Arm Limited. All rights reserved.
   9:Drivers/CMSIS/Include/cmsis_gcc.h ****  *
  10:Drivers/CMSIS/Include/cmsis_gcc.h ****  * SPDX-License-Identifier: Apache-2.0
  11:Drivers/CMSIS/Include/cmsis_gcc.h ****  *
  12:Drivers/CMSIS/Include/cmsis_gcc.h ****  * Licensed under the Apache License, Version 2.0 (the License); you may
  13:Drivers/CMSIS/Include/cmsis_gcc.h ****  * not use this file except in compliance with the License.
  14:Drivers/CMSIS/Include/cmsis_gcc.h ****  * You may obtain a copy of the License at
  15:Drivers/CMSIS/Include/cmsis_gcc.h ****  *
ARM GAS  /tmp/ccfet0B2.s 			page 5


  16:Drivers/CMSIS/Include/cmsis_gcc.h ****  * www.apache.org/licenses/LICENSE-2.0
  17:Drivers/CMSIS/Include/cmsis_gcc.h ****  *
  18:Drivers/CMSIS/Include/cmsis_gcc.h ****  * Unless required by applicable law or agreed to in writing, software
  19:Drivers/CMSIS/Include/cmsis_gcc.h ****  * distributed under the License is distributed on an AS IS BASIS, WITHOUT
  20:Drivers/CMSIS/Include/cmsis_gcc.h ****  * WARRANTIES OR CONDITIONS OF ANY KIND, either express or implied.
  21:Drivers/CMSIS/Include/cmsis_gcc.h ****  * See the License for the specific language governing permissions and
  22:Drivers/CMSIS/Include/cmsis_gcc.h ****  * limitations under the License.
  23:Drivers/CMSIS/Include/cmsis_gcc.h ****  */
  24:Drivers/CMSIS/Include/cmsis_gcc.h **** 
  25:Drivers/CMSIS/Include/cmsis_gcc.h **** #ifndef __CMSIS_GCC_H
  26:Drivers/CMSIS/Include/cmsis_gcc.h **** #define __CMSIS_GCC_H
  27:Drivers/CMSIS/Include/cmsis_gcc.h **** 
  28:Drivers/CMSIS/Include/cmsis_gcc.h **** /* ignore some GCC warnings */
  29:Drivers/CMSIS/Include/cmsis_gcc.h **** #pragma GCC diagnostic push
  30:Drivers/CMSIS/Include/cmsis_gcc.h **** #pragma GCC diagnostic ignored "-Wsign-conversion"
  31:Drivers/CMSIS/Include/cmsis_gcc.h **** #pragma GCC diagnostic ignored "-Wconversion"
  32:Drivers/CMSIS/Include/cmsis_gcc.h **** #pragma GCC diagnostic ignored "-Wunused-parameter"
  33:Drivers/CMSIS/Include/cmsis_gcc.h **** 
  34:Drivers/CMSIS/Include/cmsis_gcc.h **** /* Fallback for __has_builtin */
  35:Drivers/CMSIS/Include/cmsis_gcc.h **** #ifndef __has_builtin
  36:Drivers/CMSIS/Include/cmsis_gcc.h ****   #define __has_builtin(x) (0)
  37:Drivers/CMSIS/Include/cmsis_gcc.h **** #endif
  38:Drivers/CMSIS/Include/cmsis_gcc.h **** 
  39:Drivers/CMSIS/Include/cmsis_gcc.h **** /* CMSIS compiler specific defines */
  40:Drivers/CMSIS/Include/cmsis_gcc.h **** #ifndef   __ASM
  41:Drivers/CMSIS/Include/cmsis_gcc.h ****   #define __ASM                                  __asm
  42:Drivers/CMSIS/Include/cmsis_gcc.h **** #endif
  43:Drivers/CMSIS/Include/cmsis_gcc.h **** #ifndef   __INLINE
  44:Drivers/CMSIS/Include/cmsis_gcc.h ****   #define __INLINE                               inline
  45:Drivers/CMSIS/Include/cmsis_gcc.h **** #endif
  46:Drivers/CMSIS/Include/cmsis_gcc.h **** #ifndef   __STATIC_INLINE
  47:Drivers/CMSIS/Include/cmsis_gcc.h ****   #define __STATIC_INLINE                        static inline
  48:Drivers/CMSIS/Include/cmsis_gcc.h **** #endif
  49:Drivers/CMSIS/Include/cmsis_gcc.h **** #ifndef   __STATIC_FORCEINLINE                 
  50:Drivers/CMSIS/Include/cmsis_gcc.h ****   #define __STATIC_FORCEINLINE                   __attribute__((always_inline)) static inline
  51:Drivers/CMSIS/Include/cmsis_gcc.h **** #endif                                           
  52:Drivers/CMSIS/Include/cmsis_gcc.h **** #ifndef   __NO_RETURN
  53:Drivers/CMSIS/Include/cmsis_gcc.h ****   #define __NO_RETURN                            __attribute__((__noreturn__))
  54:Drivers/CMSIS/Include/cmsis_gcc.h **** #endif
  55:Drivers/CMSIS/Include/cmsis_gcc.h **** #ifndef   __USED
  56:Drivers/CMSIS/Include/cmsis_gcc.h ****   #define __USED                                 __attribute__((used))
  57:Drivers/CMSIS/Include/cmsis_gcc.h **** #endif
  58:Drivers/CMSIS/Include/cmsis_gcc.h **** #ifndef   __WEAK
  59:Drivers/CMSIS/Include/cmsis_gcc.h ****   #define __WEAK                                 __attribute__((weak))
  60:Drivers/CMSIS/Include/cmsis_gcc.h **** #endif
  61:Drivers/CMSIS/Include/cmsis_gcc.h **** #ifndef   __PACKED
  62:Drivers/CMSIS/Include/cmsis_gcc.h ****   #define __PACKED                               __attribute__((packed, aligned(1)))
  63:Drivers/CMSIS/Include/cmsis_gcc.h **** #endif
  64:Drivers/CMSIS/Include/cmsis_gcc.h **** #ifndef   __PACKED_STRUCT
  65:Drivers/CMSIS/Include/cmsis_gcc.h ****   #define __PACKED_STRUCT                        struct __attribute__((packed, aligned(1)))
  66:Drivers/CMSIS/Include/cmsis_gcc.h **** #endif
  67:Drivers/CMSIS/Include/cmsis_gcc.h **** #ifndef   __PACKED_UNION
  68:Drivers/CMSIS/Include/cmsis_gcc.h ****   #define __PACKED_UNION                         union __attribute__((packed, aligned(1)))
  69:Drivers/CMSIS/Include/cmsis_gcc.h **** #endif
  70:Drivers/CMSIS/Include/cmsis_gcc.h **** #ifndef   __UNALIGNED_UINT32        /* deprecated */
  71:Drivers/CMSIS/Include/cmsis_gcc.h ****   #pragma GCC diagnostic push
  72:Drivers/CMSIS/Include/cmsis_gcc.h ****   #pragma GCC diagnostic ignored "-Wpacked"
ARM GAS  /tmp/ccfet0B2.s 			page 6


  73:Drivers/CMSIS/Include/cmsis_gcc.h ****   #pragma GCC diagnostic ignored "-Wattributes"
  74:Drivers/CMSIS/Include/cmsis_gcc.h ****   struct __attribute__((packed)) T_UINT32 { uint32_t v; };
  75:Drivers/CMSIS/Include/cmsis_gcc.h ****   #pragma GCC diagnostic pop
  76:Drivers/CMSIS/Include/cmsis_gcc.h ****   #define __UNALIGNED_UINT32(x)                  (((struct T_UINT32 *)(x))->v)
  77:Drivers/CMSIS/Include/cmsis_gcc.h **** #endif
  78:Drivers/CMSIS/Include/cmsis_gcc.h **** #ifndef   __UNALIGNED_UINT16_WRITE
  79:Drivers/CMSIS/Include/cmsis_gcc.h ****   #pragma GCC diagnostic push
  80:Drivers/CMSIS/Include/cmsis_gcc.h ****   #pragma GCC diagnostic ignored "-Wpacked"
  81:Drivers/CMSIS/Include/cmsis_gcc.h ****   #pragma GCC diagnostic ignored "-Wattributes"
  82:Drivers/CMSIS/Include/cmsis_gcc.h ****   __PACKED_STRUCT T_UINT16_WRITE { uint16_t v; };
  83:Drivers/CMSIS/Include/cmsis_gcc.h ****   #pragma GCC diagnostic pop
  84:Drivers/CMSIS/Include/cmsis_gcc.h ****   #define __UNALIGNED_UINT16_WRITE(addr, val)    (void)((((struct T_UINT16_WRITE *)(void *)(addr))-
  85:Drivers/CMSIS/Include/cmsis_gcc.h **** #endif
  86:Drivers/CMSIS/Include/cmsis_gcc.h **** #ifndef   __UNALIGNED_UINT16_READ
  87:Drivers/CMSIS/Include/cmsis_gcc.h ****   #pragma GCC diagnostic push
  88:Drivers/CMSIS/Include/cmsis_gcc.h ****   #pragma GCC diagnostic ignored "-Wpacked"
  89:Drivers/CMSIS/Include/cmsis_gcc.h ****   #pragma GCC diagnostic ignored "-Wattributes"
  90:Drivers/CMSIS/Include/cmsis_gcc.h ****   __PACKED_STRUCT T_UINT16_READ { uint16_t v; };
  91:Drivers/CMSIS/Include/cmsis_gcc.h ****   #pragma GCC diagnostic pop
  92:Drivers/CMSIS/Include/cmsis_gcc.h ****   #define __UNALIGNED_UINT16_READ(addr)          (((const struct T_UINT16_READ *)(const void *)(add
  93:Drivers/CMSIS/Include/cmsis_gcc.h **** #endif
  94:Drivers/CMSIS/Include/cmsis_gcc.h **** #ifndef   __UNALIGNED_UINT32_WRITE
  95:Drivers/CMSIS/Include/cmsis_gcc.h ****   #pragma GCC diagnostic push
  96:Drivers/CMSIS/Include/cmsis_gcc.h ****   #pragma GCC diagnostic ignored "-Wpacked"
  97:Drivers/CMSIS/Include/cmsis_gcc.h ****   #pragma GCC diagnostic ignored "-Wattributes"
  98:Drivers/CMSIS/Include/cmsis_gcc.h ****   __PACKED_STRUCT T_UINT32_WRITE { uint32_t v; };
  99:Drivers/CMSIS/Include/cmsis_gcc.h ****   #pragma GCC diagnostic pop
 100:Drivers/CMSIS/Include/cmsis_gcc.h ****   #define __UNALIGNED_UINT32_WRITE(addr, val)    (void)((((struct T_UINT32_WRITE *)(void *)(addr))-
 101:Drivers/CMSIS/Include/cmsis_gcc.h **** #endif
 102:Drivers/CMSIS/Include/cmsis_gcc.h **** #ifndef   __UNALIGNED_UINT32_READ
 103:Drivers/CMSIS/Include/cmsis_gcc.h ****   #pragma GCC diagnostic push
 104:Drivers/CMSIS/Include/cmsis_gcc.h ****   #pragma GCC diagnostic ignored "-Wpacked"
 105:Drivers/CMSIS/Include/cmsis_gcc.h ****   #pragma GCC diagnostic ignored "-Wattributes"
 106:Drivers/CMSIS/Include/cmsis_gcc.h ****   __PACKED_STRUCT T_UINT32_READ { uint32_t v; };
 107:Drivers/CMSIS/Include/cmsis_gcc.h ****   #pragma GCC diagnostic pop
 108:Drivers/CMSIS/Include/cmsis_gcc.h ****   #define __UNALIGNED_UINT32_READ(addr)          (((const struct T_UINT32_READ *)(const void *)(add
 109:Drivers/CMSIS/Include/cmsis_gcc.h **** #endif
 110:Drivers/CMSIS/Include/cmsis_gcc.h **** #ifndef   __ALIGNED
 111:Drivers/CMSIS/Include/cmsis_gcc.h ****   #define __ALIGNED(x)                           __attribute__((aligned(x)))
 112:Drivers/CMSIS/Include/cmsis_gcc.h **** #endif
 113:Drivers/CMSIS/Include/cmsis_gcc.h **** #ifndef   __RESTRICT
 114:Drivers/CMSIS/Include/cmsis_gcc.h ****   #define __RESTRICT                             __restrict
 115:Drivers/CMSIS/Include/cmsis_gcc.h **** #endif
 116:Drivers/CMSIS/Include/cmsis_gcc.h **** 
 117:Drivers/CMSIS/Include/cmsis_gcc.h **** 
 118:Drivers/CMSIS/Include/cmsis_gcc.h **** /* ###########################  Core Function Access  ########################### */
 119:Drivers/CMSIS/Include/cmsis_gcc.h **** /** \ingroup  CMSIS_Core_FunctionInterface
 120:Drivers/CMSIS/Include/cmsis_gcc.h ****     \defgroup CMSIS_Core_RegAccFunctions CMSIS Core Register Access Functions
 121:Drivers/CMSIS/Include/cmsis_gcc.h ****   @{
 122:Drivers/CMSIS/Include/cmsis_gcc.h ****  */
 123:Drivers/CMSIS/Include/cmsis_gcc.h **** 
 124:Drivers/CMSIS/Include/cmsis_gcc.h **** /**
 125:Drivers/CMSIS/Include/cmsis_gcc.h ****   \brief   Enable IRQ Interrupts
 126:Drivers/CMSIS/Include/cmsis_gcc.h ****   \details Enables IRQ interrupts by clearing the I-bit in the CPSR.
 127:Drivers/CMSIS/Include/cmsis_gcc.h ****            Can only be executed in Privileged modes.
 128:Drivers/CMSIS/Include/cmsis_gcc.h ****  */
 129:Drivers/CMSIS/Include/cmsis_gcc.h **** __STATIC_FORCEINLINE void __enable_irq(void)
ARM GAS  /tmp/ccfet0B2.s 			page 7


 130:Drivers/CMSIS/Include/cmsis_gcc.h **** {
 131:Drivers/CMSIS/Include/cmsis_gcc.h ****   __ASM volatile ("cpsie i" : : : "memory");
 132:Drivers/CMSIS/Include/cmsis_gcc.h **** }
 133:Drivers/CMSIS/Include/cmsis_gcc.h **** 
 134:Drivers/CMSIS/Include/cmsis_gcc.h **** 
 135:Drivers/CMSIS/Include/cmsis_gcc.h **** /**
 136:Drivers/CMSIS/Include/cmsis_gcc.h ****   \brief   Disable IRQ Interrupts
 137:Drivers/CMSIS/Include/cmsis_gcc.h ****   \details Disables IRQ interrupts by setting the I-bit in the CPSR.
 138:Drivers/CMSIS/Include/cmsis_gcc.h ****            Can only be executed in Privileged modes.
 139:Drivers/CMSIS/Include/cmsis_gcc.h ****  */
 140:Drivers/CMSIS/Include/cmsis_gcc.h **** __STATIC_FORCEINLINE void __disable_irq(void)
  84              		.loc 2 140 27 view .LVU10
  85              	.LBB5:
 141:Drivers/CMSIS/Include/cmsis_gcc.h **** {
 142:Drivers/CMSIS/Include/cmsis_gcc.h ****   __ASM volatile ("cpsid i" : : : "memory");
  86              		.loc 2 142 3 view .LVU11
  87              		.syntax unified
  88              	@ 142 "Drivers/CMSIS/Include/cmsis_gcc.h" 1
  89 0000 72B6     		cpsid i
  90              	@ 0 "" 2
  91              		.thumb
  92              		.syntax unified
  93              	.L8:
  94              	.LBE5:
  95              	.LBE4:
 133:Core/Src/main.c **** 	while (1)
  96              		.loc 1 133 2 discriminator 1 view .LVU12
 134:Core/Src/main.c **** 	{
 135:Core/Src/main.c **** 	}
  97              		.loc 1 135 2 discriminator 1 view .LVU13
 133:Core/Src/main.c **** 	while (1)
  98              		.loc 1 133 8 discriminator 1 view .LVU14
  99 0002 FEE7     		b	.L8
 100              		.cfi_endproc
 101              	.LFE138:
 103              		.section	.text.SystemClock_Config,"ax",%progbits
 104              		.align	1
 105              		.global	SystemClock_Config
 106              		.syntax unified
 107              		.thumb
 108              		.thumb_func
 110              	SystemClock_Config:
 111              	.LFB136:
  59:Core/Src/main.c **** 	RCC_OscInitTypeDef RCC_OscInitStruct = {0};
 112              		.loc 1 59 1 view -0
 113              		.cfi_startproc
 114              		@ args = 0, pretend = 0, frame = 80
 115              		@ frame_needed = 0, uses_anonymous_args = 0
 116 0000 00B5     		push	{lr}
 117              	.LCFI1:
 118              		.cfi_def_cfa_offset 4
 119              		.cfi_offset 14, -4
 120 0002 95B0     		sub	sp, sp, #84
 121              	.LCFI2:
 122              		.cfi_def_cfa_offset 88
  60:Core/Src/main.c **** 	RCC_ClkInitTypeDef RCC_ClkInitStruct = {0};
 123              		.loc 1 60 2 view .LVU16
ARM GAS  /tmp/ccfet0B2.s 			page 8


  60:Core/Src/main.c **** 	RCC_ClkInitTypeDef RCC_ClkInitStruct = {0};
 124              		.loc 1 60 21 is_stmt 0 view .LVU17
 125 0004 3022     		movs	r2, #48
 126 0006 0021     		movs	r1, #0
 127 0008 08A8     		add	r0, sp, #32
 128 000a FFF7FEFF 		bl	memset
 129              	.LVL4:
  61:Core/Src/main.c **** 
 130              		.loc 1 61 2 is_stmt 1 view .LVU18
  61:Core/Src/main.c **** 
 131              		.loc 1 61 21 is_stmt 0 view .LVU19
 132 000e 0023     		movs	r3, #0
 133 0010 0393     		str	r3, [sp, #12]
 134 0012 0493     		str	r3, [sp, #16]
 135 0014 0593     		str	r3, [sp, #20]
 136 0016 0693     		str	r3, [sp, #24]
 137 0018 0793     		str	r3, [sp, #28]
  65:Core/Src/main.c **** 	__HAL_PWR_VOLTAGESCALING_CONFIG(PWR_REGULATOR_VOLTAGE_SCALE1);
 138              		.loc 1 65 2 is_stmt 1 view .LVU20
 139              	.LBB6:
  65:Core/Src/main.c **** 	__HAL_PWR_VOLTAGESCALING_CONFIG(PWR_REGULATOR_VOLTAGE_SCALE1);
 140              		.loc 1 65 2 view .LVU21
 141 001a 0193     		str	r3, [sp, #4]
  65:Core/Src/main.c **** 	__HAL_PWR_VOLTAGESCALING_CONFIG(PWR_REGULATOR_VOLTAGE_SCALE1);
 142              		.loc 1 65 2 view .LVU22
 143 001c 204A     		ldr	r2, .L15
 144 001e 116C     		ldr	r1, [r2, #64]
 145 0020 41F08051 		orr	r1, r1, #268435456
 146 0024 1164     		str	r1, [r2, #64]
  65:Core/Src/main.c **** 	__HAL_PWR_VOLTAGESCALING_CONFIG(PWR_REGULATOR_VOLTAGE_SCALE1);
 147              		.loc 1 65 2 view .LVU23
 148 0026 126C     		ldr	r2, [r2, #64]
 149 0028 02F08052 		and	r2, r2, #268435456
 150 002c 0192     		str	r2, [sp, #4]
  65:Core/Src/main.c **** 	__HAL_PWR_VOLTAGESCALING_CONFIG(PWR_REGULATOR_VOLTAGE_SCALE1);
 151              		.loc 1 65 2 view .LVU24
 152 002e 019A     		ldr	r2, [sp, #4]
 153              	.LBE6:
  65:Core/Src/main.c **** 	__HAL_PWR_VOLTAGESCALING_CONFIG(PWR_REGULATOR_VOLTAGE_SCALE1);
 154              		.loc 1 65 2 view .LVU25
  66:Core/Src/main.c **** 
 155              		.loc 1 66 2 view .LVU26
 156              	.LBB7:
  66:Core/Src/main.c **** 
 157              		.loc 1 66 2 view .LVU27
 158 0030 0293     		str	r3, [sp, #8]
  66:Core/Src/main.c **** 
 159              		.loc 1 66 2 view .LVU28
 160 0032 1C4B     		ldr	r3, .L15+4
 161 0034 1A68     		ldr	r2, [r3]
 162 0036 42F48042 		orr	r2, r2, #16384
 163 003a 1A60     		str	r2, [r3]
  66:Core/Src/main.c **** 
 164              		.loc 1 66 2 view .LVU29
 165 003c 1B68     		ldr	r3, [r3]
 166 003e 03F48043 		and	r3, r3, #16384
 167 0042 0293     		str	r3, [sp, #8]
ARM GAS  /tmp/ccfet0B2.s 			page 9


  66:Core/Src/main.c **** 
 168              		.loc 1 66 2 view .LVU30
 169 0044 029B     		ldr	r3, [sp, #8]
 170              	.LBE7:
  66:Core/Src/main.c **** 
 171              		.loc 1 66 2 view .LVU31
  71:Core/Src/main.c **** 	RCC_OscInitStruct.HSEState = RCC_HSE_ON;
 172              		.loc 1 71 2 view .LVU32
  71:Core/Src/main.c **** 	RCC_OscInitStruct.HSEState = RCC_HSE_ON;
 173              		.loc 1 71 35 is_stmt 0 view .LVU33
 174 0046 0123     		movs	r3, #1
 175 0048 0893     		str	r3, [sp, #32]
  72:Core/Src/main.c **** 	RCC_OscInitStruct.PLL.PLLState = RCC_PLL_ON;
 176              		.loc 1 72 2 is_stmt 1 view .LVU34
  72:Core/Src/main.c **** 	RCC_OscInitStruct.PLL.PLLState = RCC_PLL_ON;
 177              		.loc 1 72 29 is_stmt 0 view .LVU35
 178 004a 4FF48033 		mov	r3, #65536
 179 004e 0993     		str	r3, [sp, #36]
  73:Core/Src/main.c **** 	RCC_OscInitStruct.PLL.PLLSource = RCC_PLLSOURCE_HSE;
 180              		.loc 1 73 2 is_stmt 1 view .LVU36
  73:Core/Src/main.c **** 	RCC_OscInitStruct.PLL.PLLSource = RCC_PLLSOURCE_HSE;
 181              		.loc 1 73 33 is_stmt 0 view .LVU37
 182 0050 0222     		movs	r2, #2
 183 0052 0E92     		str	r2, [sp, #56]
  74:Core/Src/main.c **** 	RCC_OscInitStruct.PLL.PLLM = 4;
 184              		.loc 1 74 2 is_stmt 1 view .LVU38
  74:Core/Src/main.c **** 	RCC_OscInitStruct.PLL.PLLM = 4;
 185              		.loc 1 74 34 is_stmt 0 view .LVU39
 186 0054 4FF48003 		mov	r3, #4194304
 187 0058 0F93     		str	r3, [sp, #60]
  75:Core/Src/main.c **** 	RCC_OscInitStruct.PLL.PLLN = 168;
 188              		.loc 1 75 2 is_stmt 1 view .LVU40
  75:Core/Src/main.c **** 	RCC_OscInitStruct.PLL.PLLN = 168;
 189              		.loc 1 75 29 is_stmt 0 view .LVU41
 190 005a 0423     		movs	r3, #4
 191 005c 1093     		str	r3, [sp, #64]
  76:Core/Src/main.c **** 	RCC_OscInitStruct.PLL.PLLP = RCC_PLLP_DIV2;
 192              		.loc 1 76 2 is_stmt 1 view .LVU42
  76:Core/Src/main.c **** 	RCC_OscInitStruct.PLL.PLLP = RCC_PLLP_DIV2;
 193              		.loc 1 76 29 is_stmt 0 view .LVU43
 194 005e A821     		movs	r1, #168
 195 0060 1191     		str	r1, [sp, #68]
  77:Core/Src/main.c **** 	RCC_OscInitStruct.PLL.PLLQ = 4;
 196              		.loc 1 77 2 is_stmt 1 view .LVU44
  77:Core/Src/main.c **** 	RCC_OscInitStruct.PLL.PLLQ = 4;
 197              		.loc 1 77 29 is_stmt 0 view .LVU45
 198 0062 1292     		str	r2, [sp, #72]
  78:Core/Src/main.c **** 	if (HAL_RCC_OscConfig(&RCC_OscInitStruct) != HAL_OK)
 199              		.loc 1 78 2 is_stmt 1 view .LVU46
  78:Core/Src/main.c **** 	if (HAL_RCC_OscConfig(&RCC_OscInitStruct) != HAL_OK)
 200              		.loc 1 78 29 is_stmt 0 view .LVU47
 201 0064 1393     		str	r3, [sp, #76]
  79:Core/Src/main.c **** 	{
 202              		.loc 1 79 2 is_stmt 1 view .LVU48
  79:Core/Src/main.c **** 	{
 203              		.loc 1 79 6 is_stmt 0 view .LVU49
 204 0066 08A8     		add	r0, sp, #32
ARM GAS  /tmp/ccfet0B2.s 			page 10


 205 0068 FFF7FEFF 		bl	HAL_RCC_OscConfig
 206              	.LVL5:
  79:Core/Src/main.c **** 	{
 207              		.loc 1 79 5 view .LVU50
 208 006c 98B9     		cbnz	r0, .L13
  86:Core/Src/main.c **** 	RCC_ClkInitStruct.SYSCLKSource = RCC_SYSCLKSOURCE_PLLCLK;
 209              		.loc 1 86 2 is_stmt 1 view .LVU51
  86:Core/Src/main.c **** 	RCC_ClkInitStruct.SYSCLKSource = RCC_SYSCLKSOURCE_PLLCLK;
 210              		.loc 1 86 30 is_stmt 0 view .LVU52
 211 006e 0F23     		movs	r3, #15
 212 0070 0393     		str	r3, [sp, #12]
  87:Core/Src/main.c **** 	RCC_ClkInitStruct.AHBCLKDivider = RCC_SYSCLK_DIV1;
 213              		.loc 1 87 2 is_stmt 1 view .LVU53
  87:Core/Src/main.c **** 	RCC_ClkInitStruct.AHBCLKDivider = RCC_SYSCLK_DIV1;
 214              		.loc 1 87 33 is_stmt 0 view .LVU54
 215 0072 0223     		movs	r3, #2
 216 0074 0493     		str	r3, [sp, #16]
  88:Core/Src/main.c **** 	RCC_ClkInitStruct.APB1CLKDivider = RCC_HCLK_DIV4;
 217              		.loc 1 88 2 is_stmt 1 view .LVU55
  88:Core/Src/main.c **** 	RCC_ClkInitStruct.APB1CLKDivider = RCC_HCLK_DIV4;
 218              		.loc 1 88 34 is_stmt 0 view .LVU56
 219 0076 0023     		movs	r3, #0
 220 0078 0593     		str	r3, [sp, #20]
  89:Core/Src/main.c **** 	RCC_ClkInitStruct.APB2CLKDivider = RCC_HCLK_DIV2;
 221              		.loc 1 89 2 is_stmt 1 view .LVU57
  89:Core/Src/main.c **** 	RCC_ClkInitStruct.APB2CLKDivider = RCC_HCLK_DIV2;
 222              		.loc 1 89 35 is_stmt 0 view .LVU58
 223 007a 4FF4A053 		mov	r3, #5120
 224 007e 0693     		str	r3, [sp, #24]
  90:Core/Src/main.c **** 
 225              		.loc 1 90 2 is_stmt 1 view .LVU59
  90:Core/Src/main.c **** 
 226              		.loc 1 90 35 is_stmt 0 view .LVU60
 227 0080 4FF48053 		mov	r3, #4096
 228 0084 0793     		str	r3, [sp, #28]
  92:Core/Src/main.c **** 	{
 229              		.loc 1 92 2 is_stmt 1 view .LVU61
  92:Core/Src/main.c **** 	{
 230              		.loc 1 92 6 is_stmt 0 view .LVU62
 231 0086 0521     		movs	r1, #5
 232 0088 03A8     		add	r0, sp, #12
 233 008a FFF7FEFF 		bl	HAL_RCC_ClockConfig
 234              	.LVL6:
  92:Core/Src/main.c **** 	{
 235              		.loc 1 92 5 view .LVU63
 236 008e 20B9     		cbnz	r0, .L14
  96:Core/Src/main.c **** 
 237              		.loc 1 96 1 view .LVU64
 238 0090 15B0     		add	sp, sp, #84
 239              	.LCFI3:
 240              		.cfi_remember_state
 241              		.cfi_def_cfa_offset 4
 242              		@ sp needed
 243 0092 5DF804FB 		ldr	pc, [sp], #4
 244              	.L13:
 245              	.LCFI4:
 246              		.cfi_restore_state
ARM GAS  /tmp/ccfet0B2.s 			page 11


  81:Core/Src/main.c **** 	}
 247              		.loc 1 81 3 is_stmt 1 view .LVU65
 248 0096 FFF7FEFF 		bl	Error_Handler
 249              	.LVL7:
 250              	.L14:
  94:Core/Src/main.c **** 	}
 251              		.loc 1 94 3 view .LVU66
 252 009a FFF7FEFF 		bl	Error_Handler
 253              	.LVL8:
 254              	.L16:
 255 009e 00BF     		.align	2
 256              	.L15:
 257 00a0 00380240 		.word	1073887232
 258 00a4 00700040 		.word	1073770496
 259              		.cfi_endproc
 260              	.LFE136:
 262              		.section	.text.main,"ax",%progbits
 263              		.align	1
 264              		.global	main
 265              		.syntax unified
 266              		.thumb
 267              		.thumb_func
 269              	main:
 270              	.LFB135:
  34:Core/Src/main.c **** 	/* MCU Configuration--------------------------------------------------------*/
 271              		.loc 1 34 1 view -0
 272              		.cfi_startproc
 273              		@ Volatile: function does not return.
 274              		@ args = 0, pretend = 0, frame = 0
 275              		@ frame_needed = 0, uses_anonymous_args = 0
 276 0000 08B5     		push	{r3, lr}
 277              	.LCFI5:
 278              		.cfi_def_cfa_offset 8
 279              		.cfi_offset 3, -8
 280              		.cfi_offset 14, -4
  38:Core/Src/main.c **** 	/* Configure the system clock */
 281              		.loc 1 38 2 view .LVU68
 282 0002 FFF7FEFF 		bl	HAL_Init
 283              	.LVL9:
  40:Core/Src/main.c **** 	/* Initialize all configured peripherals */
 284              		.loc 1 40 2 view .LVU69
 285 0006 FFF7FEFF 		bl	SystemClock_Config
 286              	.LVL10:
  42:Core/Src/main.c **** 	MX_USART1_UART_Init();
 287              		.loc 1 42 2 view .LVU70
 288 000a FFF7FEFF 		bl	MX_GPIO_Init
 289              	.LVL11:
  43:Core/Src/main.c **** 	/* Call init function for freertos objects (in freertos.c) */
 290              		.loc 1 43 2 view .LVU71
 291 000e FFF7FEFF 		bl	MX_USART1_UART_Init
 292              	.LVL12:
  45:Core/Src/main.c **** 	/* Start scheduler */
 293              		.loc 1 45 2 view .LVU72
 294 0012 FFF7FEFF 		bl	MX_FREERTOS_Init
 295              	.LVL13:
  47:Core/Src/main.c **** 
 296              		.loc 1 47 2 view .LVU73
ARM GAS  /tmp/ccfet0B2.s 			page 12


 297 0016 FFF7FEFF 		bl	osKernelStart
 298              	.LVL14:
 299              	.L18:
  50:Core/Src/main.c **** }
 300              		.loc 1 50 2 discriminator 1 view .LVU74
  50:Core/Src/main.c **** }
 301              		.loc 1 50 11 discriminator 1 view .LVU75
  50:Core/Src/main.c **** }
 302              		.loc 1 50 8 discriminator 1 view .LVU76
 303 001a FEE7     		b	.L18
 304              		.cfi_endproc
 305              	.LFE135:
 307              		.text
 308              	.Letext0:
 309              		.file 3 "/opt/ARM-GCC/arm-none-eabi/include/machine/_default_types.h"
 310              		.file 4 "/opt/ARM-GCC/arm-none-eabi/include/sys/_stdint.h"
 311              		.file 5 "Drivers/CMSIS/Device/ST/STM32F4xx/Include/stm32f407xx.h"
 312              		.file 6 "Drivers/STM32F4xx_HAL_Driver/Inc/stm32f4xx_hal_def.h"
 313              		.file 7 "Drivers/STM32F4xx_HAL_Driver/Inc/stm32f4xx_hal_rcc_ex.h"
 314              		.file 8 "Drivers/STM32F4xx_HAL_Driver/Inc/stm32f4xx_hal_rcc.h"
 315              		.file 9 "Drivers/STM32F4xx_HAL_Driver/Inc/stm32f4xx_hal_dma.h"
 316              		.file 10 "Drivers/STM32F4xx_HAL_Driver/Inc/stm32f4xx_hal_tim.h"
 317              		.file 11 "Drivers/STM32F4xx_HAL_Driver/Inc/stm32f4xx_hal.h"
 318              		.file 12 "Core/Inc/gpio.h"
 319              		.file 13 "Core/Inc/usart.h"
 320              		.file 14 "Middlewares/Third_Party/FreeRTOS/Source/CMSIS_RTOS/cmsis_os.h"
 321              		.file 15 "<built-in>"
ARM GAS  /tmp/ccfet0B2.s 			page 13


DEFINED SYMBOLS
                            *ABS*:0000000000000000 main.c
     /tmp/ccfet0B2.s:20     .text.HAL_TIM_PeriodElapsedCallback:0000000000000000 $t
     /tmp/ccfet0B2.s:26     .text.HAL_TIM_PeriodElapsedCallback:0000000000000000 HAL_TIM_PeriodElapsedCallback
     /tmp/ccfet0B2.s:61     .text.HAL_TIM_PeriodElapsedCallback:0000000000000014 $d
     /tmp/ccfet0B2.s:66     .text.Error_Handler:0000000000000000 $t
     /tmp/ccfet0B2.s:72     .text.Error_Handler:0000000000000000 Error_Handler
     /tmp/ccfet0B2.s:104    .text.SystemClock_Config:0000000000000000 $t
     /tmp/ccfet0B2.s:110    .text.SystemClock_Config:0000000000000000 SystemClock_Config
     /tmp/ccfet0B2.s:257    .text.SystemClock_Config:00000000000000a0 $d
     /tmp/ccfet0B2.s:263    .text.main:0000000000000000 $t
     /tmp/ccfet0B2.s:269    .text.main:0000000000000000 main

UNDEFINED SYMBOLS
HAL_IncTick
memset
HAL_RCC_OscConfig
HAL_RCC_ClockConfig
HAL_Init
MX_GPIO_Init
MX_USART1_UART_Init
MX_FREERTOS_Init
osKernelStart
